<?xml version="1.0" encoding="UTF-8"?>
<!-- Generated by org.testng.reporters.JUnitReportReporter -->
<testsuite hostname="LAPTOP-NODOCM4P" failures="0" tests="1" name="com.automation.testcases.ViewAllPage" time="24.309" errors="0" timestamp="2021-11-20T12:57:33 IST" skipped="0">
  <testcase classname="com.automation.testcases.ViewAllPage" name="LoginApp" time="24.309"/>
</testsuite> <!-- com.automation.testcases.ViewAllPage -->
