<?xml version="1.0" encoding="UTF-8"?>
<!-- Generated by org.testng.reporters.JUnitReportReporter -->
<testsuite hostname="LAPTOP-NODOCM4P" failures="0" tests="1" name="chrome.ExtentReport" time="1.126" errors="0" timestamp="2021-11-20T13:04:44 IST" skipped="0">
  <testcase classname="chrome.ExtentReport" name="test" time="1.126"/>
</testsuite> <!-- chrome.ExtentReport -->
