<?xml version="1.0" encoding="UTF-8"?>
<!-- Generated by org.testng.reporters.JUnitReportReporter -->
<testsuite hostname="LAPTOP-NODOCM4P" failures="0" tests="1" name="com.automation.testcases.searchPage2" time="22.887" errors="0" timestamp="2021-11-20T12:36:00 IST" skipped="0">
  <testcase classname="com.automation.testcases.searchPage2" name="LoginApp" time="22.887"/>
</testsuite> <!-- com.automation.testcases.searchPage2 -->
