<?xml version="1.0" encoding="UTF-8"?>
<!-- Generated by org.testng.reporters.JUnitReportReporter -->
<testsuite hostname="LAPTOP-NODOCM4P" failures="0" tests="1" name="com.automation.testcases.WhatsappIcon" time="21.468" errors="0" timestamp="2021-11-20T12:40:58 IST" skipped="0">
  <testcase classname="com.automation.testcases.WhatsappIcon" name="LoginApp" time="21.468"/>
</testsuite> <!-- com.automation.testcases.WhatsappIcon -->
